[01:00:23] [Server thread/INFO]: Starting minecraft server version 1.12.2
[01:00:23] [Server thread/INFO]: Loading properties
[01:00:23] [Server thread/WARN]: You specified a resource pack without providing a sha1 hash. Pack will be updated on the client only if you change the name of the pack.
[01:00:23] [Server thread/INFO]: Default game type: SURVIVAL
[01:00:23] [Server thread/INFO]: Generating keypair
[01:00:23] [Server thread/INFO]: Starting Minecraft server on *:25565
[01:00:23] [Server thread/INFO]: Using epoll channel type
[01:00:23] [Server thread/INFO]: Preparing level "world"
[01:00:23] [Server thread/INFO]: Loaded 488 advancements
[01:00:23] [Server thread/INFO]: Preparing start region for level 0
[01:00:24] [Server thread/INFO]: Preparing spawn area: 14%
[01:00:25] [Server thread/INFO]: Preparing spawn area: 35%
[01:00:26] [Server thread/INFO]: Preparing spawn area: 57%
[01:00:27] [Server thread/INFO]: Preparing spawn area: 78%
[01:00:28] [Server thread/INFO]: Preparing spawn area: 96%
[01:00:29] [Server thread/INFO]: Done (5.680s)! For help, type "help" or "?"
[01:00:32] [User Authenticator #1/INFO]: UUID of player IRackedMyself is 23d08c83-6213-4894-9de4-16a0f3ce768a
[01:00:32] [Server thread/INFO]: IRackedMyself[/192.168.1.1:58083] logged in with entity id 1941 at (46.5, 76.0, 224.5)
[01:00:32] [Server thread/INFO]: IRackedMyself joined the game
[01:00:36] [Server thread/WARN]: Can't keep up! Did the system time change, or is the server overloaded? Running 2618ms behind, skipping 52 tick(s)
[01:00:44] [Server thread/INFO]: [IRackedMyself: Set own game mode to Creative Mode]
[01:01:16] [Server thread/INFO]: [IRackedMyself: Teleported IRackedMyself to 1000.5, 100.0, 1000.5]
[01:01:22] [Server thread/WARN]: Can't keep up! Did the system time change, or is the server overloaded? Running 2145ms behind, skipping 42 tick(s)
[01:01:33] [Server thread/INFO]: [IRackedMyself: Teleported IRackedMyself to -999.5, 100.0, -999.5]
[01:01:38] [Server thread/WARN]: Can't keep up! Did the system time change, or is the server overloaded? Running 2322ms behind, skipping 46 tick(s)
[01:01:41] [Server thread/INFO]: [IRackedMyself: Teleported IRackedMyself to -999.5, 100.0, 1000.5]
[01:01:56] [Server thread/INFO]: [IRackedMyself: Teleported IRackedMyself to 1000.5, 100.0, -999.5]
[01:02:04] [Server thread/WARN]: Can't keep up! Did the system time change, or is the server overloaded? Running 3800ms behind, skipping 76 tick(s)
[01:02:23] [Server thread/WARN]: Can't keep up! Did the system time change, or is the server overloaded? Running 4979ms behind, skipping 99 tick(s)
[01:04:20] [Server thread/INFO]: IRackedMyself lost connection: Disconnected
[01:04:20] [Server thread/INFO]: IRackedMyself left the game
[01:04:28] [Server Shutdown Thread/INFO]: Stopping server
[01:04:28] [Server Shutdown Thread/INFO]: Saving players
[01:04:28] [Server Shutdown Thread/INFO]: Saving worlds
[01:04:28] [Server Shutdown Thread/INFO]: Saving chunks for level 'world'/overworld
